
------------------------------------------
02-06-2019 12:05:59
[8192] preg_replace(): The /e modifier is deprecated, use preg_replace_callback instead
PHP Error on line 143 in file C:\xampp\htdocs\library\classes\class_parser.php
5.6.40 WINNT
------------------------------------------
------------------------------------------
02-06-2019 12:05:59
[8192] preg_replace(): The /e modifier is deprecated, use preg_replace_callback instead
PHP Error on line 143 in file C:\xampp\htdocs\library\classes\class_parser.php
5.6.40 WINNT
------------------------------------------
------------------------------------------
02-06-2019 12:05:59
[8192] preg_replace(): The /e modifier is deprecated, use preg_replace_callback instead
PHP Error on line 143 in file C:\xampp\htdocs\library\classes\class_parser.php
5.6.40 WINNT
------------------------------------------
------------------------------------------
02-06-2019 12:05:59
[8192] preg_replace(): The /e modifier is deprecated, use preg_replace_callback instead
PHP Error on line 143 in file C:\xampp\htdocs\library\classes\class_parser.php
5.6.40 WINNT
------------------------------------------
------------------------------------------
02-06-2019 12:05:59
[8192] preg_replace(): The /e modifier is deprecated, use preg_replace_callback instead
PHP Error on line 103 in file C:\xampp\htdocs\library\classes\class_parser.php
5.6.40 WINNT
------------------------------------------
------------------------------------------
02-06-2019 12:06:49
[8192] preg_replace(): The /e modifier is deprecated, use preg_replace_callback instead
PHP Error on line 143 in file C:\xampp\htdocs\library\classes\class_parser.php
5.6.40 WINNT
------------------------------------------
------------------------------------------
02-06-2019 12:06:49
[8192] preg_replace(): The /e modifier is deprecated, use preg_replace_callback instead
PHP Error on line 143 in file C:\xampp\htdocs\library\classes\class_parser.php
5.6.40 WINNT
------------------------------------------
------------------------------------------
02-06-2019 12:06:49
[8192] preg_replace(): The /e modifier is deprecated, use preg_replace_callback instead
PHP Error on line 143 in file C:\xampp\htdocs\library\classes\class_parser.php
5.6.40 WINNT
------------------------------------------
------------------------------------------
02-06-2019 12:06:49
[8192] preg_replace(): The /e modifier is deprecated, use preg_replace_callback instead
PHP Error on line 143 in file C:\xampp\htdocs\library\classes\class_parser.php
5.6.40 WINNT
------------------------------------------
------------------------------------------
02-06-2019 12:06:49
[8192] preg_replace(): The /e modifier is deprecated, use preg_replace_callback instead
PHP Error on line 103 in file C:\xampp\htdocs\library\classes\class_parser.php
5.6.40 WINNT
------------------------------------------
------------------------------------------
02-06-2019 12:06:59
[8192] preg_replace(): The /e modifier is deprecated, use preg_replace_callback instead
PHP Error on line 143 in file C:\xampp\htdocs\library\classes\class_parser.php
5.6.40 WINNT
------------------------------------------
------------------------------------------
02-06-2019 12:06:59
[8192] preg_replace(): The /e modifier is deprecated, use preg_replace_callback instead
PHP Error on line 143 in file C:\xampp\htdocs\library\classes\class_parser.php
5.6.40 WINNT
------------------------------------------
------------------------------------------
02-06-2019 12:06:59
[8192] preg_replace(): The /e modifier is deprecated, use preg_replace_callback instead
PHP Error on line 143 in file C:\xampp\htdocs\library\classes\class_parser.php
5.6.40 WINNT
------------------------------------------
------------------------------------------
02-06-2019 12:06:59
[8192] preg_replace(): The /e modifier is deprecated, use preg_replace_callback instead
PHP Error on line 143 in file C:\xampp\htdocs\library\classes\class_parser.php
5.6.40 WINNT
------------------------------------------
------------------------------------------
02-06-2019 12:06:59
[8192] preg_replace(): The /e modifier is deprecated, use preg_replace_callback instead
PHP Error on line 103 in file C:\xampp\htdocs\library\classes\class_parser.php
5.6.40 WINNT
------------------------------------------
------------------------------------------
02-06-2019 12:07:16
[8192] preg_replace(): The /e modifier is deprecated, use preg_replace_callback instead
PHP Error on line 143 in file C:\xampp\htdocs\library\classes\class_parser.php
5.6.40 WINNT
------------------------------------------
------------------------------------------
02-06-2019 12:07:16
[8192] preg_replace(): The /e modifier is deprecated, use preg_replace_callback instead
PHP Error on line 143 in file C:\xampp\htdocs\library\classes\class_parser.php
5.6.40 WINNT
------------------------------------------
------------------------------------------
02-06-2019 12:07:16
[8192] preg_replace(): The /e modifier is deprecated, use preg_replace_callback instead
PHP Error on line 143 in file C:\xampp\htdocs\library\classes\class_parser.php
5.6.40 WINNT
------------------------------------------
------------------------------------------
02-06-2019 12:07:16
[8192] preg_replace(): The /e modifier is deprecated, use preg_replace_callback instead
PHP Error on line 143 in file C:\xampp\htdocs\library\classes\class_parser.php
5.6.40 WINNT
------------------------------------------
------------------------------------------
02-06-2019 12:07:16
[8192] preg_replace(): The /e modifier is deprecated, use preg_replace_callback instead
PHP Error on line 103 in file C:\xampp\htdocs\library\classes\class_parser.php
5.6.40 WINNT
------------------------------------------
------------------------------------------
02-06-2019 12:07:16
[8192] preg_replace(): The /e modifier is deprecated, use preg_replace_callback instead
PHP Error on line 143 in file C:\xampp\htdocs\library\classes\class_parser.php
5.6.40 WINNT
------------------------------------------
------------------------------------------
02-06-2019 12:07:16
[8192] preg_replace(): The /e modifier is deprecated, use preg_replace_callback instead
PHP Error on line 143 in file C:\xampp\htdocs\library\classes\class_parser.php
5.6.40 WINNT
------------------------------------------
------------------------------------------
02-06-2019 12:07:16
[8192] preg_replace(): The /e modifier is deprecated, use preg_replace_callback instead
PHP Error on line 143 in file C:\xampp\htdocs\library\classes\class_parser.php
5.6.40 WINNT
------------------------------------------
------------------------------------------
02-06-2019 12:07:16
[8192] preg_replace(): The /e modifier is deprecated, use preg_replace_callback instead
PHP Error on line 143 in file C:\xampp\htdocs\library\classes\class_parser.php
5.6.40 WINNT
------------------------------------------
------------------------------------------
02-06-2019 12:07:16
[8192] preg_replace(): The /e modifier is deprecated, use preg_replace_callback instead
PHP Error on line 103 in file C:\xampp\htdocs\library\classes\class_parser.php
5.6.40 WINNT
------------------------------------------
------------------------------------------
02-06-2019 12:11:15
[8192] preg_replace(): The /e modifier is deprecated, use preg_replace_callback instead
PHP Error on line 143 in file C:\xampp\htdocs\library\classes\class_parser.php
5.6.40 WINNT
------------------------------------------
------------------------------------------
02-06-2019 12:11:15
[8192] preg_replace(): The /e modifier is deprecated, use preg_replace_callback instead
PHP Error on line 143 in file C:\xampp\htdocs\library\classes\class_parser.php
5.6.40 WINNT
------------------------------------------
------------------------------------------
02-06-2019 12:11:15
[8192] preg_replace(): The /e modifier is deprecated, use preg_replace_callback instead
PHP Error on line 143 in file C:\xampp\htdocs\library\classes\class_parser.php
5.6.40 WINNT
------------------------------------------
------------------------------------------
02-06-2019 12:11:15
[8192] preg_replace(): The /e modifier is deprecated, use preg_replace_callback instead
PHP Error on line 143 in file C:\xampp\htdocs\library\classes\class_parser.php
5.6.40 WINNT
------------------------------------------
------------------------------------------
02-06-2019 12:11:15
[8192] preg_replace(): The /e modifier is deprecated, use preg_replace_callback instead
PHP Error on line 103 in file C:\xampp\htdocs\library\classes\class_parser.php
5.6.40 WINNT
------------------------------------------
------------------------------------------
02-06-2019 12:11:15
[8192] preg_replace(): The /e modifier is deprecated, use preg_replace_callback instead
PHP Error on line 143 in file C:\xampp\htdocs\library\classes\class_parser.php
5.6.40 WINNT
------------------------------------------
------------------------------------------
02-06-2019 12:11:15
[8192] preg_replace(): The /e modifier is deprecated, use preg_replace_callback instead
PHP Error on line 143 in file C:\xampp\htdocs\library\classes\class_parser.php
5.6.40 WINNT
------------------------------------------
------------------------------------------
02-06-2019 12:11:15
[8192] preg_replace(): The /e modifier is deprecated, use preg_replace_callback instead
PHP Error on line 143 in file C:\xampp\htdocs\library\classes\class_parser.php
5.6.40 WINNT
------------------------------------------
------------------------------------------
02-06-2019 12:11:15
[8192] preg_replace(): The /e modifier is deprecated, use preg_replace_callback instead
PHP Error on line 143 in file C:\xampp\htdocs\library\classes\class_parser.php
5.6.40 WINNT
------------------------------------------
------------------------------------------
02-06-2019 12:11:15
[8192] preg_replace(): The /e modifier is deprecated, use preg_replace_callback instead
PHP Error on line 103 in file C:\xampp\htdocs\library\classes\class_parser.php
5.6.40 WINNT
------------------------------------------
------------------------------------------
02-06-2019 13:38:21
[8192] preg_replace(): The /e modifier is deprecated, use preg_replace_callback instead
PHP Error on line 143 in file C:\xampp\htdocs\library\classes\class_parser.php
5.6.40 WINNT
------------------------------------------
------------------------------------------
02-06-2019 13:38:21
[8192] preg_replace(): The /e modifier is deprecated, use preg_replace_callback instead
PHP Error on line 143 in file C:\xampp\htdocs\library\classes\class_parser.php
5.6.40 WINNT
------------------------------------------
------------------------------------------
02-06-2019 13:38:21
[8192] preg_replace(): The /e modifier is deprecated, use preg_replace_callback instead
PHP Error on line 143 in file C:\xampp\htdocs\library\classes\class_parser.php
5.6.40 WINNT
------------------------------------------
------------------------------------------
02-06-2019 13:38:21
[8192] preg_replace(): The /e modifier is deprecated, use preg_replace_callback instead
PHP Error on line 143 in file C:\xampp\htdocs\library\classes\class_parser.php
5.6.40 WINNT
------------------------------------------
------------------------------------------
02-06-2019 13:38:21
[8192] preg_replace(): The /e modifier is deprecated, use preg_replace_callback instead
PHP Error on line 103 in file C:\xampp\htdocs\library\classes\class_parser.php
5.6.40 WINNT
------------------------------------------
------------------------------------------
02-06-2019 13:38:21
[8192] preg_replace(): The /e modifier is deprecated, use preg_replace_callback instead
PHP Error on line 143 in file C:\xampp\htdocs\library\classes\class_parser.php
5.6.40 WINNT
------------------------------------------
------------------------------------------
02-06-2019 13:38:21
[8192] preg_replace(): The /e modifier is deprecated, use preg_replace_callback instead
PHP Error on line 143 in file C:\xampp\htdocs\library\classes\class_parser.php
5.6.40 WINNT
------------------------------------------
------------------------------------------
02-06-2019 13:38:21
[8192] preg_replace(): The /e modifier is deprecated, use preg_replace_callback instead
PHP Error on line 143 in file C:\xampp\htdocs\library\classes\class_parser.php
5.6.40 WINNT
------------------------------------------
------------------------------------------
02-06-2019 13:38:21
[8192] preg_replace(): The /e modifier is deprecated, use preg_replace_callback instead
PHP Error on line 143 in file C:\xampp\htdocs\library\classes\class_parser.php
5.6.40 WINNT
------------------------------------------
------------------------------------------
02-06-2019 13:38:21
[8192] preg_replace(): The /e modifier is deprecated, use preg_replace_callback instead
PHP Error on line 103 in file C:\xampp\htdocs\library\classes\class_parser.php
5.6.40 WINNT
------------------------------------------
------------------------------------------
02-06-2019 13:40:18
[8192] preg_replace(): The /e modifier is deprecated, use preg_replace_callback instead
PHP Error on line 315 in file C:\xampp\htdocs\ajax\forums.php
5.6.40 WINNT
------------------------------------------
------------------------------------------
02-06-2019 13:40:18
[8192] preg_replace(): The /e modifier is deprecated, use preg_replace_callback instead
PHP Error on line 55 in file C:\xampp\htdocs\library\classes\class_parser.php
5.6.40 WINNT
------------------------------------------
------------------------------------------
02-06-2019 13:40:18
[8192] preg_replace(): The /e modifier is deprecated, use preg_replace_callback instead
PHP Error on line 55 in file C:\xampp\htdocs\library\classes\class_parser.php
5.6.40 WINNT
------------------------------------------
------------------------------------------
02-06-2019 13:40:18
[8192] preg_replace(): The /e modifier is deprecated, use preg_replace_callback instead
PHP Error on line 143 in file C:\xampp\htdocs\library\classes\class_parser.php
5.6.40 WINNT
------------------------------------------
------------------------------------------
02-06-2019 13:40:18
[8192] preg_replace(): The /e modifier is deprecated, use preg_replace_callback instead
PHP Error on line 143 in file C:\xampp\htdocs\library\classes\class_parser.php
5.6.40 WINNT
------------------------------------------
------------------------------------------
02-06-2019 13:40:18
[8192] preg_replace(): The /e modifier is deprecated, use preg_replace_callback instead
PHP Error on line 143 in file C:\xampp\htdocs\library\classes\class_parser.php
5.6.40 WINNT
------------------------------------------
------------------------------------------
02-06-2019 13:40:18
[8192] preg_replace(): The /e modifier is deprecated, use preg_replace_callback instead
PHP Error on line 143 in file C:\xampp\htdocs\library\classes\class_parser.php
5.6.40 WINNT
------------------------------------------
------------------------------------------
02-06-2019 13:40:18
[8192] preg_replace(): The /e modifier is deprecated, use preg_replace_callback instead
PHP Error on line 103 in file C:\xampp\htdocs\library\classes\class_parser.php
5.6.40 WINNT
------------------------------------------
------------------------------------------
02-06-2019 13:43:02
[8192] preg_replace(): The /e modifier is deprecated, use preg_replace_callback instead
PHP Error on line 143 in file C:\xampp\htdocs\library\classes\class_parser.php
5.6.40 WINNT
------------------------------------------
------------------------------------------
02-06-2019 13:43:02
[8192] preg_replace(): The /e modifier is deprecated, use preg_replace_callback instead
PHP Error on line 143 in file C:\xampp\htdocs\library\classes\class_parser.php
5.6.40 WINNT
------------------------------------------
------------------------------------------
02-06-2019 13:43:02
[8192] preg_replace(): The /e modifier is deprecated, use preg_replace_callback instead
PHP Error on line 143 in file C:\xampp\htdocs\library\classes\class_parser.php
5.6.40 WINNT
------------------------------------------
------------------------------------------
02-06-2019 13:43:02
[8192] preg_replace(): The /e modifier is deprecated, use preg_replace_callback instead
PHP Error on line 143 in file C:\xampp\htdocs\library\classes\class_parser.php
5.6.40 WINNT
------------------------------------------
------------------------------------------
02-06-2019 13:43:02
[8192] preg_replace(): The /e modifier is deprecated, use preg_replace_callback instead
PHP Error on line 103 in file C:\xampp\htdocs\library\classes\class_parser.php
5.6.40 WINNT
------------------------------------------
------------------------------------------
02-06-2019 13:43:02
[8192] preg_replace(): The /e modifier is deprecated, use preg_replace_callback instead
PHP Error on line 143 in file C:\xampp\htdocs\library\classes\class_parser.php
5.6.40 WINNT
------------------------------------------
------------------------------------------
02-06-2019 13:43:02
[8192] preg_replace(): The /e modifier is deprecated, use preg_replace_callback instead
PHP Error on line 143 in file C:\xampp\htdocs\library\classes\class_parser.php
5.6.40 WINNT
------------------------------------------
------------------------------------------
02-06-2019 13:43:02
[8192] preg_replace(): The /e modifier is deprecated, use preg_replace_callback instead
PHP Error on line 143 in file C:\xampp\htdocs\library\classes\class_parser.php
5.6.40 WINNT
------------------------------------------
------------------------------------------
02-06-2019 13:43:02
[8192] preg_replace(): The /e modifier is deprecated, use preg_replace_callback instead
PHP Error on line 143 in file C:\xampp\htdocs\library\classes\class_parser.php
5.6.40 WINNT
------------------------------------------
------------------------------------------
02-06-2019 13:43:02
[8192] preg_replace(): The /e modifier is deprecated, use preg_replace_callback instead
PHP Error on line 103 in file C:\xampp\htdocs\library\classes\class_parser.php
5.6.40 WINNT
------------------------------------------
------------------------------------------
02-06-2019 13:43:02
[8192] preg_replace(): The /e modifier is deprecated, use preg_replace_callback instead
PHP Error on line 55 in file C:\xampp\htdocs\library\classes\class_parser.php
5.6.40 WINNT
------------------------------------------
------------------------------------------
02-06-2019 13:43:02
[8192] preg_replace(): The /e modifier is deprecated, use preg_replace_callback instead
PHP Error on line 55 in file C:\xampp\htdocs\library\classes\class_parser.php
5.6.40 WINNT
------------------------------------------
------------------------------------------
02-06-2019 13:43:02
[8192] preg_replace(): The /e modifier is deprecated, use preg_replace_callback instead
PHP Error on line 143 in file C:\xampp\htdocs\library\classes\class_parser.php
5.6.40 WINNT
------------------------------------------
------------------------------------------
02-06-2019 13:43:02
[8192] preg_replace(): The /e modifier is deprecated, use preg_replace_callback instead
PHP Error on line 143 in file C:\xampp\htdocs\library\classes\class_parser.php
5.6.40 WINNT
------------------------------------------
------------------------------------------
02-06-2019 13:43:02
[8192] preg_replace(): The /e modifier is deprecated, use preg_replace_callback instead
PHP Error on line 143 in file C:\xampp\htdocs\library\classes\class_parser.php
5.6.40 WINNT
------------------------------------------
------------------------------------------
02-06-2019 13:43:02
[8192] preg_replace(): The /e modifier is deprecated, use preg_replace_callback instead
PHP Error on line 143 in file C:\xampp\htdocs\library\classes\class_parser.php
5.6.40 WINNT
------------------------------------------
------------------------------------------
02-06-2019 13:43:02
[8192] preg_replace(): The /e modifier is deprecated, use preg_replace_callback instead
PHP Error on line 103 in file C:\xampp\htdocs\library\classes\class_parser.php
5.6.40 WINNT
------------------------------------------